This file contains any messages produced by compilers while
running configure, to aid debugging if configure makes a mistake.

It was created by wmshutdown configure 1.6, which was
generated by GNU Autoconf 2.71.  Invocation command line was

  $ ./configure --prefix=/home/carloratm/.local

## --------- ##
## Platform. ##
## --------- ##

hostname = scumm
uname -m = x86_64
uname -r = 5.15.26-1-lts
uname -s = Linux
uname -v = #1 SMP Wed, 02 Mar 2022 18:33:39 +0000

/usr/bin/uname -p = unknown
/bin/uname -X     = unknown

/bin/arch              = unknown
/usr/bin/arch -k       = unknown
/usr/convex/getsysinfo = unknown
/usr/bin/hostinfo      = unknown
/bin/machine           = unknown
/usr/bin/oslevel       = unknown
/bin/universe          = unknown

PATH: /home/carloratm/.asdf/shims/
PATH: /home/carloratm/.asdf/bin/
PATH: /home/carloratm/.node_modules/bin/
PATH: /home/carloratm/.screenlayout/
PATH: /home/carloratm/bin/
PATH: /home/carloratm/.local/bin/
PATH: /home/carloratm/.node_modules/bin/
PATH: /home/carloratm/.screenlayout/
PATH: /home/carloratm/bin/
PATH: /home/carloratm/.local/bin/
PATH: /usr/local/sbin/
PATH: /usr/local/bin/
PATH: /usr/bin/
PATH: /usr/bin/site_perl/
PATH: /usr/bin/vendor_perl/
PATH: /usr/bin/core_perl/
PATH: /sbin/
PATH: ./
PATH: /sbin/


## ----------- ##
## Core tests. ##
## ----------- ##

configure:2121: looking for aux files: compile missing install-sh
configure:2134:  trying ./
configure:2163:   ./compile found
configure:2163:   ./missing found
configure:2145:   ./install-sh found
configure:2292: checking for a BSD-compatible install
configure:2365: result: /usr/bin/install -c
configure:2376: checking whether build environment is sane
configure:2431: result: yes
configure:2590: checking for a race-free mkdir -p
configure:2634: result: /usr/bin/mkdir -p
configure:2641: checking for gawk
configure:2662: found /usr/bin/gawk
configure:2673: result: gawk
configure:2684: checking whether make sets $(MAKE)
configure:2707: result: yes
configure:2737: checking whether make supports nested variables
configure:2755: result: yes
configure:2957: checking for gcc
configure:2978: found /usr/bin/gcc
configure:2989: result: gcc
configure:3342: checking for C compiler version
configure:3351: gcc --version >&5
gcc (GCC) 11.2.0
Copyright (C) 2021 Free Software Foundation, Inc.
This is free software; see the source for copying conditions.  There is NO
warranty; not even for MERCHANTABILITY or FITNESS FOR A PARTICULAR PURPOSE.

configure:3362: $? = 0
configure:3351: gcc -v >&5
Using built-in specs.
COLLECT_GCC=gcc
COLLECT_LTO_WRAPPER=/usr/lib/gcc/x86_64-pc-linux-gnu/11.2.0/lto-wrapper
Target: x86_64-pc-linux-gnu
Configured with: /build/gcc/src/gcc/configure --enable-languages=c,c++,ada,fortran,go,lto,objc,obj-c++,d --enable-bootstrap --prefix=/usr --libdir=/usr/lib --libexecdir=/usr/lib --mandir=/usr/share/man --infodir=/usr/share/info --with-bugurl=https://bugs.archlinux.org/ --with-linker-hash-style=gnu --with-system-zlib --enable-__cxa_atexit --enable-cet=auto --enable-checking=release --enable-clocale=gnu --enable-default-pie --enable-default-ssp --enable-gnu-indirect-function --enable-gnu-unique-object --enable-linker-build-id --enable-lto --enable-multilib --enable-plugin --enable-shared --enable-threads=posix --disable-libssp --disable-libstdcxx-pch --disable-werror --with-build-config=bootstrap-lto --enable-link-serialization=1 gdc_include_dir=/usr/include/dlang/gdc
Thread model: posix
Supported LTO compression algorithms: zlib zstd
gcc version 11.2.0 (GCC) 
configure:3362: $? = 0
configure:3351: gcc -V >&5
gcc: error: unrecognized command-line option '-V'
gcc: fatal error: no input files
compilation terminated.
configure:3362: $? = 1
configure:3351: gcc -qversion >&5
gcc: error: unrecognized command-line option '-qversion'; did you mean '--version'?
gcc: fatal error: no input files
compilation terminated.
configure:3362: $? = 1
configure:3351: gcc -version >&5
gcc: error: unrecognized command-line option '-version'
gcc: fatal error: no input files
compilation terminated.
configure:3362: $? = 1
configure:3382: checking whether the C compiler works
configure:3404: gcc    conftest.c  >&5
configure:3408: $? = 0
configure:3458: result: yes
configure:3461: checking for C compiler default output file name
configure:3463: result: a.out
configure:3469: checking for suffix of executables
configure:3476: gcc -o conftest    conftest.c  >&5
configure:3480: $? = 0
configure:3503: result: 
configure:3525: checking whether we are cross compiling
configure:3533: gcc -o conftest    conftest.c  >&5
configure:3537: $? = 0
configure:3544: ./conftest
configure:3548: $? = 0
configure:3563: result: no
configure:3568: checking for suffix of object files
configure:3591: gcc -c   conftest.c >&5
configure:3595: $? = 0
configure:3617: result: o
configure:3621: checking whether the compiler supports GNU C
configure:3641: gcc -c   conftest.c >&5
configure:3641: $? = 0
configure:3651: result: yes
configure:3662: checking whether gcc accepts -g
configure:3683: gcc -c -g  conftest.c >&5
configure:3683: $? = 0
configure:3727: result: yes
configure:3747: checking for gcc option to enable C11 features
configure:3762: gcc  -c -g -O2  conftest.c >&5
configure:3762: $? = 0
configure:3780: result: none needed
configure:3896: checking whether gcc understands -c and -o together
configure:3919: gcc -c conftest.c -o conftest2.o
configure:3922: $? = 0
configure:3919: gcc -c conftest.c -o conftest2.o
configure:3922: $? = 0
configure:3934: result: yes
configure:3954: checking whether make supports the include directive
configure:3969: make -f confmf.GNU && cat confinc.out
this is the am__doit target
configure:3972: $? = 0
configure:3991: result: yes (GNU style)
configure:4017: checking dependency style of gcc
configure:4129: result: gcc3
configure:4203: checking for pkg-config
configure:4226: found /usr/bin/pkg-config
configure:4238: result: /usr/bin/pkg-config
configure:4263: checking pkg-config is at least version 0.9.0
configure:4266: result: yes
configure:4276: checking for gtk
configure:4283: $PKG_CONFIG --exists --print-errors "gtk+-3.0"
configure:4286: $? = 0
configure:4300: $PKG_CONFIG --exists --print-errors "gtk+-3.0"
configure:4303: $? = 0
configure:4361: result: yes
configure:4367: checking for x11
configure:4374: $PKG_CONFIG --exists --print-errors "x11"
configure:4377: $? = 0
configure:4391: $PKG_CONFIG --exists --print-errors "x11"
configure:4394: $? = 0
configure:4452: result: yes
configure:4559: checking that generated files are newer than configure
configure:4565: result: done
configure:4588: creating ./config.status

## ---------------------- ##
## Running config.status. ##
## ---------------------- ##

This file was extended by wmshutdown config.status 1.6, which was
generated by GNU Autoconf 2.71.  Invocation command line was

  CONFIG_FILES    = 
  CONFIG_HEADERS  = 
  CONFIG_LINKS    = 
  CONFIG_COMMANDS = 
  $ ./config.status 

on scumm

config.status:846: creating Makefile
config.status:846: creating config.h
config.status:1027: config.h is unchanged
config.status:1075: executing depfiles commands
config.status:1152: cd .       && sed -e '/# am--include-marker/d' Makefile         | make -f - am--depfiles
make: Nothing to be done for 'am--depfiles'.
config.status:1157: $? = 0

## ---------------- ##
## Cache variables. ##
## ---------------- ##

ac_cv_c_compiler_gnu=yes
ac_cv_env_CC_set=
ac_cv_env_CC_value=
ac_cv_env_CFLAGS_set=
ac_cv_env_CFLAGS_value=
ac_cv_env_CPPFLAGS_set=
ac_cv_env_CPPFLAGS_value=
ac_cv_env_LDFLAGS_set=
ac_cv_env_LDFLAGS_value=
ac_cv_env_LIBS_set=
ac_cv_env_LIBS_value=
ac_cv_env_PKG_CONFIG_LIBDIR_set=
ac_cv_env_PKG_CONFIG_LIBDIR_value=
ac_cv_env_PKG_CONFIG_PATH_set=
ac_cv_env_PKG_CONFIG_PATH_value=
ac_cv_env_PKG_CONFIG_set=
ac_cv_env_PKG_CONFIG_value=
ac_cv_env_build_alias_set=
ac_cv_env_build_alias_value=
ac_cv_env_gtk_CFLAGS_set=
ac_cv_env_gtk_CFLAGS_value=
ac_cv_env_gtk_LIBS_set=
ac_cv_env_gtk_LIBS_value=
ac_cv_env_host_alias_set=
ac_cv_env_host_alias_value=
ac_cv_env_target_alias_set=
ac_cv_env_target_alias_value=
ac_cv_env_x11_CFLAGS_set=
ac_cv_env_x11_CFLAGS_value=
ac_cv_env_x11_LIBS_set=
ac_cv_env_x11_LIBS_value=
ac_cv_objext=o
ac_cv_path_ac_pt_PKG_CONFIG=/usr/bin/pkg-config
ac_cv_path_install='/usr/bin/install -c'
ac_cv_path_mkdir=/usr/bin/mkdir
ac_cv_prog_AWK=gawk
ac_cv_prog_ac_ct_CC=gcc
ac_cv_prog_cc_c11=
ac_cv_prog_cc_g=yes
ac_cv_prog_cc_stdc=
ac_cv_prog_make_make_set=yes
am_cv_CC_dependencies_compiler_type=gcc3
am_cv_make_support_nested_variables=yes
am_cv_prog_cc_c_o=yes
pkg_cv_gtk_CFLAGS='-I/usr/include/gtk-3.0 -I/usr/include/pango-1.0 -I/usr/include/glib-2.0 -I/usr/lib/glib-2.0/include -I/usr/include/sysprof-4 -I/usr/include/harfbuzz -I/usr/include/freetype2 -I/usr/include/libpng16 -I/usr/include/libmount -I/usr/include/blkid -I/usr/include/fribidi -I/usr/include/cairo -I/usr/include/lzo -I/usr/include/pixman-1 -I/usr/include/gdk-pixbuf-2.0 -I/usr/include/gio-unix-2.0 -I/usr/include/cloudproviders -I/usr/include/atk-1.0 -I/usr/include/at-spi2-atk/2.0 -I/usr/include/dbus-1.0 -I/usr/lib/dbus-1.0/include -I/usr/include/at-spi-2.0 -pthread '
pkg_cv_gtk_LIBS='-lgtk-3 -lgdk-3 -lz -lpangocairo-1.0 -lpango-1.0 -lharfbuzz -latk-1.0 -lcairo-gobject -lcairo -lgdk_pixbuf-2.0 -lgio-2.0 -lgobject-2.0 -lglib-2.0 '
pkg_cv_x11_CFLAGS=
pkg_cv_x11_LIBS='-lX11 '

## ----------------- ##
## Output variables. ##
## ----------------- ##

ACLOCAL='${SHELL} '\''/home/carloratm/dotfiles/gnustep/GNUstep/Apps/wmshutdown/missing'\'' aclocal-1.16'
AMDEPBACKSLASH='\'
AMDEP_FALSE='#'
AMDEP_TRUE=''
AMTAR='$${TAR-tar}'
AM_BACKSLASH='\'
AM_DEFAULT_V='$(AM_DEFAULT_VERBOSITY)'
AM_DEFAULT_VERBOSITY='1'
AM_V='$(V)'
AUTOCONF='${SHELL} '\''/home/carloratm/dotfiles/gnustep/GNUstep/Apps/wmshutdown/missing'\'' autoconf'
AUTOHEADER='${SHELL} '\''/home/carloratm/dotfiles/gnustep/GNUstep/Apps/wmshutdown/missing'\'' autoheader'
AUTOMAKE='${SHELL} '\''/home/carloratm/dotfiles/gnustep/GNUstep/Apps/wmshutdown/missing'\'' automake-1.16'
AWK='gawk'
CC='gcc'
CCDEPMODE='depmode=gcc3'
CFLAGS='-g -O2'
CPPFLAGS=''
CSCOPE='cscope'
CTAGS='ctags'
CYGPATH_W='echo'
DEFS='-DHAVE_CONFIG_H'
DEPDIR='.deps'
ECHO_C=''
ECHO_N='-n'
ECHO_T=''
ETAGS='etags'
EXEEXT=''
INSTALL_DATA='${INSTALL} -m 644'
INSTALL_PROGRAM='${INSTALL}'
INSTALL_SCRIPT='${INSTALL}'
INSTALL_STRIP_PROGRAM='$(install_sh) -c -s'
LDFLAGS=''
LIBOBJS=''
LIBS=''
LTLIBOBJS=''
MAKEINFO='${SHELL} '\''/home/carloratm/dotfiles/gnustep/GNUstep/Apps/wmshutdown/missing'\'' makeinfo'
MKDIR_P='/usr/bin/mkdir -p'
OBJEXT='o'
PACKAGE='wmshutdown'
PACKAGE_BUGREPORT='wmaker-dev@googlegroups.com'
PACKAGE_NAME='wmshutdown'
PACKAGE_STRING='wmshutdown 1.6'
PACKAGE_TARNAME='wmshutdown'
PACKAGE_URL=''
PACKAGE_VERSION='1.6'
PATH_SEPARATOR=':'
PKG_CONFIG='/usr/bin/pkg-config'
PKG_CONFIG_LIBDIR=''
PKG_CONFIG_PATH=''
SET_MAKE=''
SHELL='/bin/sh'
STRIP=''
VERSION='1.6'
ac_ct_CC='gcc'
am__EXEEXT_FALSE=''
am__EXEEXT_TRUE='#'
am__fastdepCC_FALSE='#'
am__fastdepCC_TRUE=''
am__include='include'
am__isrc=''
am__leading_dot='.'
am__nodep='_no'
am__quote=''
am__tar='$${TAR-tar} chof - "$$tardir"'
am__untar='$${TAR-tar} xf -'
bindir='${exec_prefix}/bin'
build_alias=''
datadir='${datarootdir}'
datarootdir='${prefix}/share'
docdir='${datarootdir}/doc/${PACKAGE_TARNAME}'
dvidir='${docdir}'
exec_prefix='${prefix}'
gtk_CFLAGS='-I/usr/include/gtk-3.0 -I/usr/include/pango-1.0 -I/usr/include/glib-2.0 -I/usr/lib/glib-2.0/include -I/usr/include/sysprof-4 -I/usr/include/harfbuzz -I/usr/include/freetype2 -I/usr/include/libpng16 -I/usr/include/libmount -I/usr/include/blkid -I/usr/include/fribidi -I/usr/include/cairo -I/usr/include/lzo -I/usr/include/pixman-1 -I/usr/include/gdk-pixbuf-2.0 -I/usr/include/gio-unix-2.0 -I/usr/include/cloudproviders -I/usr/include/atk-1.0 -I/usr/include/at-spi2-atk/2.0 -I/usr/include/dbus-1.0 -I/usr/lib/dbus-1.0/include -I/usr/include/at-spi-2.0 -pthread '
gtk_LIBS='-lgtk-3 -lgdk-3 -lz -lpangocairo-1.0 -lpango-1.0 -lharfbuzz -latk-1.0 -lcairo-gobject -lcairo -lgdk_pixbuf-2.0 -lgio-2.0 -lgobject-2.0 -lglib-2.0 '
host_alias=''
htmldir='${docdir}'
includedir='${prefix}/include'
infodir='${datarootdir}/info'
install_sh='${SHELL} /home/carloratm/dotfiles/gnustep/GNUstep/Apps/wmshutdown/install-sh'
libdir='${exec_prefix}/lib'
libexecdir='${exec_prefix}/libexec'
localedir='${datarootdir}/locale'
localstatedir='${prefix}/var'
mandir='${datarootdir}/man'
mkdir_p='$(MKDIR_P)'
oldincludedir='/usr/include'
pdfdir='${docdir}'
prefix='/home/carloratm/.local'
program_transform_name='s,x,x,'
psdir='${docdir}'
runstatedir='${localstatedir}/run'
sbindir='${exec_prefix}/sbin'
sharedstatedir='${prefix}/com'
sysconfdir='${prefix}/etc'
target_alias=''
x11_CFLAGS=''
x11_LIBS='-lX11 '

## ----------- ##
## confdefs.h. ##
## ----------- ##

/* confdefs.h */
#define PACKAGE_NAME "wmshutdown"
#define PACKAGE_TARNAME "wmshutdown"
#define PACKAGE_VERSION "1.6"
#define PACKAGE_STRING "wmshutdown 1.6"
#define PACKAGE_BUGREPORT "wmaker-dev@googlegroups.com"
#define PACKAGE_URL ""
#define PACKAGE "wmshutdown"
#define VERSION "1.6"

configure: exit 0
