[    19.942] 
X.Org X Server 1.21.1.8
X Protocol Version 11, Revision 0
[    19.943] Current Operating System: Linux scumm 6.4.12-arch1-1 #1 SMP PREEMPT_DYNAMIC Thu, 24 Aug 2023 00:38:14 +0000 x86_64
[    19.943] Kernel command line: BOOT_IMAGE=/boot/vmlinuz-linux root=UUID=fa8b0575-daf0-4b67-83b0-fc9c6a770fc2 rw quiet resume=UUID=a30b86bb-9203-4cab-9088-fce53bd69a41 loglevel=3
[    19.943]  
[    19.943] Current version of pixman: 0.42.2
[    19.943] 	Before reporting problems, check http://wiki.x.org
	to make sure that you have the latest version.
[    19.944] Markers: (--) probed, (**) from config file, (==) default setting,
	(++) from command line, (!!) notice, (II) informational,
	(WW) warning, (EE) error, (NI) not implemented, (??) unknown.
[    19.951] (==) Log file: "/home/carloratm/.local/share/xorg/Xorg.0.log", Time: Sun Sep 10 13:06:27 2023
[    19.955] (==) Using config directory: "/etc/X11/xorg.conf.d"
[    19.958] (==) Using system config directory "/usr/share/X11/xorg.conf.d"
[    19.959] (==) No Layout section.  Using the first Screen section.
[    19.959] (==) No screen section available. Using defaults.
[    19.959] (**) |-->Screen "Default Screen Section" (0)
[    19.959] (**) |   |-->Monitor "<default monitor>"
[    19.959] (==) No monitor specified for screen "Default Screen Section".
	Using a default monitor configuration.
[    19.959] (==) Automatically adding devices
[    19.959] (==) Automatically enabling devices
[    19.959] (==) Automatically adding GPU devices
[    19.959] (==) Automatically binding GPU devices
[    19.959] (==) Max clients allowed: 256, resource mask: 0x1fffff
[    19.961] (WW) The directory "/usr/share/fonts/OTF" does not exist.
[    19.961] 	Entry deleted from font path.
[    19.961] (WW) The directory "/usr/share/fonts/Type1" does not exist.
[    19.961] 	Entry deleted from font path.
[    19.964] (==) FontPath set to:
	/usr/share/fonts/misc,
	/usr/share/fonts/TTF,
	/usr/share/fonts/100dpi,
	/usr/share/fonts/75dpi
[    19.964] (==) ModulePath set to "/usr/lib/xorg/modules"
[    19.964] (II) The server relies on udev to provide the list of input devices.
	If no devices become available, reconfigure udev or disable AutoAddDevices.
[    19.964] (II) Module ABI versions:
[    19.964] 	X.Org ANSI C Emulation: 0.4
[    19.964] 	X.Org Video Driver: 25.2
[    19.964] 	X.Org XInput driver : 24.4
[    19.964] 	X.Org Server Extension : 10.0
[    19.965] (++) using VT number 1

[    19.967] (II) systemd-logind: took control of session /org/freedesktop/login1/session/_31
[    19.970] (II) xfree86: Adding drm device (/dev/dri/card1)
[    19.970] (II) Platform probe for /sys/devices/pci0000:00/0000:00:02.0/drm/card1
[    19.970] (II) systemd-logind: got fd for /dev/dri/card1 226:1 fd 13 paused 0
[    19.975] (--) PCI:*(0@0:2:0) 8086:1916:17aa:2233 rev 7, Mem @ 0xf0000000/16777216, 0xe0000000/268435456, I/O @ 0x0000e000/64, BIOS @ 0x????????/131072
[    19.975] (WW) Open ACPI failed (/var/run/acpid.socket) (No such file or directory)
[    19.975] (II) LoadModule: "glx"
[    19.976] (II) Loading /usr/lib/xorg/modules/extensions/libglx.so
[    19.984] (II) Module glx: vendor="X.Org Foundation"
[    19.985] 	compiled for 1.21.1.8, module version = 1.0.0
[    19.985] 	ABI class: X.Org Server Extension, version 10.0
[    19.985] (==) Matched intel as autoconfigured driver 0
[    19.985] (==) Matched modesetting as autoconfigured driver 1
[    19.985] (==) Matched fbdev as autoconfigured driver 2
[    19.985] (==) Matched vesa as autoconfigured driver 3
[    19.985] (==) Assigned the driver to the xf86ConfigLayout
[    19.985] (II) LoadModule: "intel"
[    19.985] (WW) Warning, couldn't open module intel
[    19.985] (EE) Failed to load module "intel" (module does not exist, 0)
[    19.985] (II) LoadModule: "modesetting"
[    19.985] (II) Loading /usr/lib/xorg/modules/drivers/modesetting_drv.so
[    19.991] (II) Module modesetting: vendor="X.Org Foundation"
[    19.991] 	compiled for 1.21.1.8, module version = 1.21.1
[    19.991] 	Module class: X.Org Video Driver
[    19.991] 	ABI class: X.Org Video Driver, version 25.2
[    19.991] (II) LoadModule: "fbdev"
[    19.991] (WW) Warning, couldn't open module fbdev
[    19.991] (EE) Failed to load module "fbdev" (module does not exist, 0)
[    19.991] (II) LoadModule: "vesa"
[    19.991] (II) Loading /usr/lib/xorg/modules/drivers/vesa_drv.so
[    19.992] (II) Module vesa: vendor="X.Org Foundation"
[    19.992] 	compiled for 1.21.1.4, module version = 2.6.0
[    19.992] 	Module class: X.Org Video Driver
[    19.992] 	ABI class: X.Org Video Driver, version 25.2
[    19.992] (II) modesetting: Driver for Modesetting Kernel Drivers: kms
[    19.992] (II) VESA: driver for VESA chipsets: vesa
[    19.992] xf86EnableIO: failed to enable I/O ports 0000-03ff (Operation not permitted)
[    19.992] (II) modeset(0): using drv /dev/dri/card1
[    19.992] (WW) VGA arbiter: cannot open kernel arbiter, no multi-card support
[    19.992] (II) modeset(0): Creating default Display subsection in Screen section
	"Default Screen Section" for depth/fbbpp 24/32
[    19.992] (==) modeset(0): Depth 24, (==) framebuffer bpp 32
[    19.992] (==) modeset(0): RGB weight 888
[    19.992] (==) modeset(0): Default visual is TrueColor
[    19.992] (II) Loading sub module "glamoregl"
[    19.992] (II) LoadModule: "glamoregl"
[    19.992] (II) Loading /usr/lib/xorg/modules/libglamoregl.so
[    20.003] (II) Module glamoregl: vendor="X.Org Foundation"
[    20.003] 	compiled for 1.21.1.8, module version = 1.0.1
[    20.003] 	ABI class: X.Org ANSI C Emulation, version 0.4
[    20.262] (II) modeset(0): glamor X acceleration enabled on Mesa Intel(R) HD Graphics 520 (SKL GT2)
[    20.262] (II) modeset(0): glamor initialized
[    20.262] (==) modeset(0): VariableRefresh: disabled
[    20.262] (==) modeset(0): AsyncFlipSecondaries: disabled
[    20.264] (II) modeset(0): Output eDP-1 has no monitor section
[    20.264] (II) modeset(0): Output DP-1 has no monitor section
[    20.370] (II) modeset(0): Output HDMI-1 has no monitor section
[    20.370] (II) modeset(0): Output DP-2 has no monitor section
[    20.374] (II) modeset(0): Output HDMI-2 has no monitor section
[    20.376] (II) modeset(0): EDID for output eDP-1
[    20.376] (II) modeset(0): Manufacturer: CMN  Model: 14b1  Serial#: 0
[    20.376] (II) modeset(0): Year: 2015  Week: 12
[    20.376] (II) modeset(0): EDID Version: 1.4
[    20.376] (II) modeset(0): Digital Display Input
[    20.376] (II) modeset(0): 6 bits per channel
[    20.376] (II) modeset(0): Digital interface is DisplayPort
[    20.376] (II) modeset(0): Max Image Size [cm]: horiz.: 31  vert.: 17
[    20.376] (II) modeset(0): Gamma: 2.20
[    20.376] (II) modeset(0): No DPMS capabilities specified
[    20.376] (II) modeset(0): Supported color encodings: RGB 4:4:4 
[    20.376] (II) modeset(0): First detailed timing is preferred mode
[    20.376] (II) modeset(0): Preferred mode is native pixel format and refresh rate
[    20.376] (II) modeset(0): redX: 0.573 redY: 0.335   greenX: 0.323 greenY: 0.585
[    20.376] (II) modeset(0): blueX: 0.160 blueY: 0.147   whiteX: 0.313 whiteY: 0.329
[    20.376] (II) modeset(0): Manufacturer's mask: 0
[    20.376] (II) modeset(0): Supported detailed timing:
[    20.376] (II) modeset(0): clock: 152.8 MHz   Image Size:  308 x 173 mm
[    20.376] (II) modeset(0): h_active: 1920  h_sync: 2000  h_sync_end 2060 h_blank_end 2250 h_border: 0
[    20.376] (II) modeset(0): v_active: 1080  v_sync: 1086  v_sync_end 1094 v_blanking: 1132 v_border: 0
[    20.376] (II) modeset(0):  N140HCE-EAA
[    20.376] (II) modeset(0):  CMN
[    20.376] (II) modeset(0):  N140HCE-EAA
[    20.376] (II) modeset(0): EDID (in hex):
[    20.376] (II) modeset(0): 	00ffffffffffff000daeb11400000000
[    20.376] (II) modeset(0): 	0c190104951f117802ff359255529529
[    20.376] (II) modeset(0): 	25505400000001010101010101010101
[    20.376] (II) modeset(0): 	010101010101b43b804a71383440503c
[    20.376] (II) modeset(0): 	680034ad10000018000000fe004e3134
[    20.376] (II) modeset(0): 	304843452d4541410a20000000fe0043
[    20.376] (II) modeset(0): 	4d4e0a202020202020202020000000fe
[    20.376] (II) modeset(0): 	004e3134304843452d4541410a2000a2
[    20.376] (II) modeset(0): Printing probed modes for output eDP-1
[    20.376] (II) modeset(0): Modeline "1920x1080"x60.0  152.84  1920 2000 2060 2250  1080 1086 1094 1132 -hsync -vsync (67.9 kHz eP)
[    20.376] (II) modeset(0): Modeline "1920x1080"x120.0  356.38  1920 2080 2288 2656  1080 1081 1084 1118 doublescan -hsync +vsync (134.2 kHz d)
[    20.376] (II) modeset(0): Modeline "1920x1080"x119.9  266.50  1920 1944 1960 2000  1080 1081 1084 1111 doublescan +hsync -vsync (133.2 kHz d)
[    20.376] (II) modeset(0): Modeline "1920x1080"x60.0  173.00  1920 2048 2248 2576  1080 1083 1088 1120 -hsync +vsync (67.2 kHz d)
[    20.376] (II) modeset(0): Modeline "1920x1080"x59.9  138.50  1920 1968 2000 2080  1080 1083 1088 1111 +hsync -vsync (66.6 kHz d)
[    20.376] (II) modeset(0): Modeline "1680x1050"x60.0  146.25  1680 1784 1960 2240  1050 1053 1059 1089 -hsync +vsync (65.3 kHz d)
[    20.376] (II) modeset(0): Modeline "1680x1050"x59.9  119.00  1680 1728 1760 1840  1050 1053 1059 1080 +hsync -vsync (64.7 kHz d)
[    20.376] (II) modeset(0): Modeline "1400x1050"x60.0  122.00  1400 1488 1640 1880  1050 1052 1064 1082 +hsync +vsync (64.9 kHz d)
[    20.376] (II) modeset(0): Modeline "1600x900"x120.0  246.00  1600 1728 1900 2200  900 901 904 932 doublescan -hsync +vsync (111.8 kHz d)
[    20.376] (II) modeset(0): Modeline "1600x900"x119.9  186.50  1600 1624 1640 1680  900 901 904 926 doublescan +hsync -vsync (111.0 kHz d)
[    20.376] (II) modeset(0): Modeline "1600x900"x59.9  118.25  1600 1696 1856 2112  900 903 908 934 -hsync +vsync (56.0 kHz d)
[    20.376] (II) modeset(0): Modeline "1600x900"x59.8   97.50  1600 1648 1680 1760  900 903 908 926 +hsync -vsync (55.4 kHz d)
[    20.376] (II) modeset(0): Modeline "1280x1024"x60.0  108.00  1280 1328 1440 1688  1024 1025 1028 1066 +hsync +vsync (64.0 kHz d)
[    20.376] (II) modeset(0): Modeline "1400x900"x60.0  103.50  1400 1480 1624 1848  900 903 913 934 -hsync +vsync (56.0 kHz d)
[    20.376] (II) modeset(0): Modeline "1400x900"x59.9   86.50  1400 1448 1480 1560  900 903 913 926 +hsync -vsync (55.4 kHz d)
[    20.376] (II) modeset(0): Modeline "1280x960"x60.0  108.00  1280 1376 1488 1800  960 961 964 1000 +hsync +vsync (60.0 kHz d)
[    20.376] (II) modeset(0): Modeline "1440x810"x120.0  198.12  1440 1548 1704 1968  810 811 814 839 doublescan -hsync +vsync (100.7 kHz d)
[    20.376] (II) modeset(0): Modeline "1440x810"x119.9  151.88  1440 1464 1480 1520  810 811 814 833 doublescan +hsync -vsync (99.9 kHz d)
[    20.376] (II) modeset(0): Modeline "1368x768"x59.9   85.25  1368 1440 1576 1784  768 771 781 798 -hsync +vsync (47.8 kHz d)
[    20.376] (II) modeset(0): Modeline "1368x768"x59.9   72.25  1368 1416 1448 1528  768 771 781 790 +hsync -vsync (47.3 kHz d)
[    20.376] (II) modeset(0): Modeline "1280x800"x120.0  174.25  1280 1380 1516 1752  800 801 804 829 doublescan -hsync +vsync (99.5 kHz d)
[    20.376] (II) modeset(0): Modeline "1280x800"x119.9  134.25  1280 1304 1320 1360  800 801 804 823 doublescan +hsync -vsync (98.7 kHz d)
[    20.376] (II) modeset(0): Modeline "1280x800"x59.8   83.50  1280 1352 1480 1680  800 803 809 831 -hsync +vsync (49.7 kHz d)
[    20.376] (II) modeset(0): Modeline "1280x800"x59.9   71.00  1280 1328 1360 1440  800 803 809 823 +hsync -vsync (49.3 kHz d)
[    20.376] (II) modeset(0): Modeline "1280x720"x120.0  156.12  1280 1376 1512 1744  720 721 724 746 doublescan -hsync +vsync (89.5 kHz d)
[    20.376] (II) modeset(0): Modeline "1280x720"x120.0  120.75  1280 1304 1320 1360  720 721 724 740 doublescan +hsync -vsync (88.8 kHz d)
[    20.376] (II) modeset(0): Modeline "1280x720"x59.9   74.50  1280 1344 1472 1664  720 723 728 748 -hsync +vsync (44.8 kHz d)
[    20.376] (II) modeset(0): Modeline "1280x720"x59.7   63.75  1280 1328 1360 1440  720 723 728 741 +hsync -vsync (44.3 kHz d)
[    20.376] (II) modeset(0): Modeline "1024x768"x120.1  133.47  1024 1100 1212 1400  768 768 770 794 doublescan -hsync +vsync (95.3 kHz d)
[    20.376] (II) modeset(0): Modeline "1024x768"x60.0   65.00  1024 1048 1184 1344  768 771 777 806 -hsync -vsync (48.4 kHz d)
[    20.377] (II) modeset(0): Modeline "960x720"x120.0  117.00  960 1024 1128 1300  720 720 722 750 doublescan -hsync +vsync (90.0 kHz d)
[    20.377] (II) modeset(0): Modeline "928x696"x120.1  109.15  928 976 1088 1264  696 696 698 719 doublescan -hsync +vsync (86.4 kHz d)
[    20.377] (II) modeset(0): Modeline "896x672"x120.0  102.40  896 960 1060 1224  672 672 674 697 doublescan -hsync +vsync (83.7 kHz d)
[    20.377] (II) modeset(0): Modeline "1024x576"x119.9   98.50  1024 1092 1200 1376  576 577 580 597 doublescan -hsync +vsync (71.6 kHz d)
[    20.377] (II) modeset(0): Modeline "1024x576"x119.9   78.38  1024 1048 1064 1104  576 577 580 592 doublescan +hsync -vsync (71.0 kHz d)
[    20.377] (II) modeset(0): Modeline "1024x576"x59.9   46.50  1024 1064 1160 1296  576 579 584 599 -hsync +vsync (35.9 kHz d)
[    20.377] (II) modeset(0): Modeline "1024x576"x59.8   42.00  1024 1072 1104 1184  576 579 584 593 +hsync -vsync (35.5 kHz d)
[    20.377] (II) modeset(0): Modeline "960x600"x119.9   96.62  960 1028 1128 1296  600 601 604 622 doublescan -hsync +vsync (74.6 kHz d)
[    20.377] (II) modeset(0): Modeline "960x600"x120.0   77.00  960 984 1000 1040  600 601 604 617 doublescan +hsync -vsync (74.0 kHz d)
[    20.377] (II) modeset(0): Modeline "960x540"x119.9   86.50  960 1024 1124 1288  540 541 544 560 doublescan -hsync +vsync (67.2 kHz d)
[    20.377] (II) modeset(0): Modeline "960x540"x120.0   69.25  960 984 1000 1040  540 541 544 555 doublescan +hsync -vsync (66.6 kHz d)
[    20.377] (II) modeset(0): Modeline "960x540"x59.6   40.75  960 992 1088 1216  540 543 548 562 -hsync +vsync (33.5 kHz d)
[    20.377] (II) modeset(0): Modeline "960x540"x59.8   37.25  960 1008 1040 1120  540 543 548 556 +hsync -vsync (33.3 kHz d)
[    20.377] (II) modeset(0): Modeline "800x600"x120.0   81.00  800 832 928 1080  600 600 602 625 doublescan +hsync +vsync (75.0 kHz d)
[    20.377] (II) modeset(0): Modeline "800x600"x60.3   40.00  800 840 968 1056  600 601 605 628 +hsync +vsync (37.9 kHz d)
[    20.377] (II) modeset(0): Modeline "800x600"x56.2   36.00  800 824 896 1024  600 601 603 625 +hsync +vsync (35.2 kHz d)
[    20.377] (II) modeset(0): Modeline "840x525"x120.0   73.12  840 892 980 1120  525 526 529 544 doublescan -hsync +vsync (65.3 kHz d)
[    20.377] (II) modeset(0): Modeline "840x525"x119.8   59.50  840 864 880 920  525 526 529 540 doublescan +hsync -vsync (64.7 kHz d)
[    20.377] (II) modeset(0): Modeline "864x486"x59.9   32.50  864 888 968 1072  486 489 494 506 -hsync +vsync (30.3 kHz d)
[    20.377] (II) modeset(0): Modeline "864x486"x59.6   30.50  864 912 944 1024  486 489 494 500 +hsync -vsync (29.8 kHz d)
[    20.377] (II) modeset(0): Modeline "700x525"x120.0   61.00  700 744 820 940  525 526 532 541 doublescan +hsync +vsync (64.9 kHz d)
[    20.377] (II) modeset(0): Modeline "800x450"x119.9   59.12  800 848 928 1056  450 451 454 467 doublescan -hsync +vsync (56.0 kHz d)
[    20.377] (II) modeset(0): Modeline "800x450"x119.6   48.75  800 824 840 880  450 451 454 463 doublescan +hsync -vsync (55.4 kHz d)
[    20.377] (II) modeset(0): Modeline "640x512"x120.0   54.00  640 664 720 844  512 512 514 533 doublescan +hsync +vsync (64.0 kHz d)
[    20.377] (II) modeset(0): Modeline "700x450"x119.9   51.75  700 740 812 924  450 451 456 467 doublescan -hsync +vsync (56.0 kHz d)
[    20.377] (II) modeset(0): Modeline "700x450"x119.8   43.25  700 724 740 780  450 451 456 463 doublescan +hsync -vsync (55.4 kHz d)
[    20.377] (II) modeset(0): Modeline "640x480"x120.0   54.00  640 688 744 900  480 480 482 500 doublescan +hsync +vsync (60.0 kHz d)
[    20.377] (II) modeset(0): Modeline "640x480"x59.9   25.18  640 656 752 800  480 490 492 525 -hsync -vsync (31.5 kHz d)
[    20.377] (II) modeset(0): Modeline "720x405"x59.5   22.50  720 744 808 896  405 408 413 422 -hsync +vsync (25.1 kHz d)
[    20.377] (II) modeset(0): Modeline "720x405"x59.0   21.75  720 768 800 880  405 408 413 419 +hsync -vsync (24.7 kHz d)
[    20.377] (II) modeset(0): Modeline "684x384"x119.8   42.62  684 720 788 892  384 385 390 399 doublescan -hsync +vsync (47.8 kHz d)
[    20.377] (II) modeset(0): Modeline "684x384"x119.7   36.12  684 708 724 764  384 385 390 395 doublescan +hsync -vsync (47.3 kHz d)
[    20.377] (II) modeset(0): Modeline "640x400"x119.8   41.75  640 676 740 840  400 401 404 415 doublescan -hsync +vsync (49.7 kHz d)
[    20.377] (II) modeset(0): Modeline "640x400"x120.0   35.50  640 664 680 720  400 401 404 411 doublescan +hsync -vsync (49.3 kHz d)
[    20.377] (II) modeset(0): Modeline "640x360"x119.7   37.25  640 672 736 832  360 361 364 374 doublescan -hsync +vsync (44.8 kHz d)
[    20.377] (II) modeset(0): Modeline "640x360"x119.7   31.88  640 664 680 720  360 361 364 370 doublescan +hsync -vsync (44.3 kHz d)
[    20.377] (II) modeset(0): Modeline "640x360"x59.8   18.00  640 664 720 800  360 363 368 376 -hsync +vsync (22.5 kHz d)
[    20.377] (II) modeset(0): Modeline "640x360"x59.3   17.75  640 688 720 800  360 363 368 374 +hsync -vsync (22.2 kHz d)
[    20.377] (II) modeset(0): Modeline "512x384"x120.0   32.50  512 524 592 672  384 385 388 403 doublescan -hsync -vsync (48.4 kHz d)
[    20.377] (II) modeset(0): Modeline "512x288"x120.0   23.25  512 532 580 648  288 289 292 299 doublescan -hsync +vsync (35.9 kHz d)
[    20.377] (II) modeset(0): Modeline "512x288"x119.8   21.00  512 536 552 592  288 289 292 296 doublescan +hsync -vsync (35.5 kHz d)
[    20.377] (II) modeset(0): Modeline "480x270"x119.3   20.38  480 496 544 608  270 271 274 281 doublescan -hsync +vsync (33.5 kHz d)
[    20.377] (II) modeset(0): Modeline "480x270"x119.6   18.62  480 504 520 560  270 271 274 278 doublescan +hsync -vsync (33.3 kHz d)
[    20.377] (II) modeset(0): Modeline "400x300"x120.6   20.00  400 420 484 528  300 300 302 314 doublescan +hsync +vsync (37.9 kHz d)
[    20.377] (II) modeset(0): Modeline "400x300"x112.7   18.00  400 412 448 512  300 300 301 312 doublescan +hsync +vsync (35.2 kHz d)
[    20.377] (II) modeset(0): Modeline "432x243"x119.8   16.25  432 444 484 536  243 244 247 253 doublescan -hsync +vsync (30.3 kHz d)
[    20.377] (II) modeset(0): Modeline "432x243"x119.1   15.25  432 456 472 512  243 244 247 250 doublescan +hsync -vsync (29.8 kHz d)
[    20.377] (II) modeset(0): Modeline "320x240"x120.1   12.59  320 328 376 400  240 245 246 262 doublescan -hsync -vsync (31.5 kHz d)
[    20.377] (II) modeset(0): Modeline "360x202"x119.0   11.25  360 372 404 448  202 204 206 211 doublescan -hsync +vsync (25.1 kHz d)
[    20.377] (II) modeset(0): Modeline "360x202"x118.3   10.88  360 384 400 440  202 204 206 209 doublescan +hsync -vsync (24.7 kHz d)
[    20.377] (II) modeset(0): Modeline "320x180"x119.7    9.00  320 332 360 400  180 181 184 188 doublescan -hsync +vsync (22.5 kHz d)
[    20.377] (II) modeset(0): Modeline "320x180"x118.6    8.88  320 344 360 400  180 181 184 187 doublescan +hsync -vsync (22.2 kHz d)
[    20.377] (II) modeset(0): EDID for output DP-1
[    20.483] (II) modeset(0): EDID for output HDMI-1
[    20.483] (II) modeset(0): EDID for output DP-2
[    20.487] (II) modeset(0): EDID for output HDMI-2
[    20.487] (II) modeset(0): Output eDP-1 connected
[    20.487] (II) modeset(0): Output DP-1 disconnected
[    20.487] (II) modeset(0): Output HDMI-1 disconnected
[    20.487] (II) modeset(0): Output DP-2 disconnected
[    20.487] (II) modeset(0): Output HDMI-2 disconnected
[    20.487] (II) modeset(0): Using exact sizes for initial modes
[    20.487] (II) modeset(0): Output eDP-1 using initial mode 1920x1080 +0+0
[    20.487] (==) modeset(0): Using gamma correction (1.0, 1.0, 1.0)
[    20.487] (==) modeset(0): DPI set to (96, 96)
[    20.487] (II) Loading sub module "fb"
[    20.487] (II) LoadModule: "fb"
[    20.487] (II) Module "fb" already built-in
[    20.487] (II) UnloadModule: "vesa"
[    20.487] (II) Unloading vesa
[    20.526] (==) modeset(0): Backing store enabled
[    20.526] (==) modeset(0): Silken mouse enabled
[    20.601] (II) modeset(0): Initializing kms color map for depth 24, 8 bpc.
[    20.601] (==) modeset(0): DPMS enabled
[    20.601] (II) modeset(0): [DRI2] Setup complete
[    20.601] (II) modeset(0): [DRI2]   DRI driver: iris
[    20.601] (II) modeset(0): [DRI2]   VDPAU driver: va_gl
[    20.601] (II) Initializing extension Generic Event Extension
[    20.601] (II) Initializing extension SHAPE
[    20.602] (II) Initializing extension MIT-SHM
[    20.602] (II) Initializing extension XInputExtension
[    20.602] (II) Initializing extension XTEST
[    20.602] (II) Initializing extension BIG-REQUESTS
[    20.603] (II) Initializing extension SYNC
[    20.603] (II) Initializing extension XKEYBOARD
[    20.603] (II) Initializing extension XC-MISC
[    20.603] (II) Initializing extension SECURITY
[    20.604] (II) Initializing extension XFIXES
[    20.604] (II) Initializing extension RENDER
[    20.604] (II) Initializing extension RANDR
[    20.605] (II) Initializing extension COMPOSITE
[    20.605] (II) Initializing extension DAMAGE
[    20.605] (II) Initializing extension MIT-SCREEN-SAVER
[    20.605] (II) Initializing extension DOUBLE-BUFFER
[    20.606] (II) Initializing extension RECORD
[    20.606] (II) Initializing extension DPMS
[    20.606] (II) Initializing extension Present
[    20.606] (II) Initializing extension DRI3
[    20.607] (II) Initializing extension X-Resource
[    20.607] (II) Initializing extension XVideo
[    20.607] (II) Initializing extension XVideo-MotionCompensation
[    20.607] (II) Initializing extension GLX
[    20.624] (II) AIGLX: Loaded and initialized iris
[    20.624] (II) GLX: Initialized DRI2 GL provider for screen 0
[    20.624] (II) Initializing extension XFree86-VidModeExtension
[    20.625] (II) Initializing extension XFree86-DGA
[    20.625] (II) Initializing extension XFree86-DRI
[    20.625] (II) Initializing extension DRI2
[    20.626] (II) modeset(0): Damage tracking initialized
[    20.626] (II) modeset(0): Setting screen physical size to 508 x 285
[    20.747] (II) config/udev: Adding input device Power Button (/dev/input/event2)
[    20.747] (**) Power Button: Applying InputClass "libinput keyboard catchall"
[    20.747] (**) Power Button: Applying InputClass "system-keyboard"
[    20.747] (II) LoadModule: "libinput"
[    20.747] (II) Loading /usr/lib/xorg/modules/input/libinput_drv.so
[    20.755] (II) Module libinput: vendor="X.Org Foundation"
[    20.755] 	compiled for 1.21.1.8, module version = 1.4.0
[    20.755] 	Module class: X.Org XInput Driver
[    20.755] 	ABI class: X.Org XInput driver, version 24.4
[    20.755] (II) Using input driver 'libinput' for 'Power Button'
[    20.756] (II) systemd-logind: got fd for /dev/input/event2 13:66 fd 27 paused 0
[    20.756] (**) Power Button: always reports core events
[    20.756] (**) Option "Device" "/dev/input/event2"
[    20.764] (II) event2  - Power Button: is tagged by udev as: Keyboard
[    20.764] (II) event2  - Power Button: device is a keyboard
[    20.764] (II) event2  - Power Button: device removed
[    20.765] (**) Option "config_info" "udev:/sys/devices/LNXSYSTM:00/LNXPWRBN:00/input/input2/event2"
[    20.765] (II) XINPUT: Adding extended input device "Power Button" (type: KEYBOARD, id 6)
[    20.765] (**) Option "xkb_layout" "us"
[    20.766] (II) event2  - Power Button: is tagged by udev as: Keyboard
[    20.766] (II) event2  - Power Button: device is a keyboard
[    20.767] (II) config/udev: Adding input device Video Bus (/dev/input/event5)
[    20.767] (**) Video Bus: Applying InputClass "libinput keyboard catchall"
[    20.767] (**) Video Bus: Applying InputClass "system-keyboard"
[    20.767] (II) Using input driver 'libinput' for 'Video Bus'
[    20.768] (II) systemd-logind: got fd for /dev/input/event5 13:69 fd 30 paused 0
[    20.768] (**) Video Bus: always reports core events
[    20.768] (**) Option "Device" "/dev/input/event5"
[    20.770] (II) event5  - Video Bus: is tagged by udev as: Keyboard
[    20.770] (II) event5  - Video Bus: device is a keyboard
[    20.770] (II) event5  - Video Bus: device removed
[    20.770] (**) Option "config_info" "udev:/sys/devices/LNXSYSTM:00/LNXSYBUS:00/PNP0A08:00/LNXVIDEO:00/input/input6/event5"
[    20.770] (II) XINPUT: Adding extended input device "Video Bus" (type: KEYBOARD, id 7)
[    20.770] (**) Option "xkb_layout" "us"
[    20.771] (II) event5  - Video Bus: is tagged by udev as: Keyboard
[    20.772] (II) event5  - Video Bus: device is a keyboard
[    20.772] (II) config/udev: Adding input device Lid Switch (/dev/input/event0)
[    20.772] (II) No input driver specified, ignoring this device.
[    20.772] (II) This device may have been added with another device file.
[    20.773] (II) config/udev: Adding input device Sleep Button (/dev/input/event1)
[    20.773] (**) Sleep Button: Applying InputClass "libinput keyboard catchall"
[    20.773] (**) Sleep Button: Applying InputClass "system-keyboard"
[    20.773] (II) Using input driver 'libinput' for 'Sleep Button'
[    20.774] (II) systemd-logind: got fd for /dev/input/event1 13:65 fd 31 paused 0
[    20.774] (**) Sleep Button: always reports core events
[    20.774] (**) Option "Device" "/dev/input/event1"
[    20.775] (II) event1  - Sleep Button: is tagged by udev as: Keyboard
[    20.775] (II) event1  - Sleep Button: device is a keyboard
[    20.775] (II) event1  - Sleep Button: device removed
[    20.776] (**) Option "config_info" "udev:/sys/devices/LNXSYSTM:00/LNXSYBUS:00/PNP0C0E:00/input/input1/event1"
[    20.776] (II) XINPUT: Adding extended input device "Sleep Button" (type: KEYBOARD, id 8)
[    20.776] (**) Option "xkb_layout" "us"
[    20.777] (II) event1  - Sleep Button: is tagged by udev as: Keyboard
[    20.777] (II) event1  - Sleep Button: device is a keyboard
[    20.778] (II) config/udev: Adding input device HDA Intel PCH Mic (/dev/input/event8)
[    20.778] (II) No input driver specified, ignoring this device.
[    20.778] (II) This device may have been added with another device file.
[    20.779] (II) config/udev: Adding input device HDA Intel PCH Dock Headphone (/dev/input/event9)
[    20.779] (II) No input driver specified, ignoring this device.
[    20.779] (II) This device may have been added with another device file.
[    20.779] (II) config/udev: Adding input device HDA Intel PCH Headphone (/dev/input/event10)
[    20.779] (II) No input driver specified, ignoring this device.
[    20.779] (II) This device may have been added with another device file.
[    20.780] (II) config/udev: Adding input device HDA Intel PCH HDMI/DP,pcm=3 (/dev/input/event11)
[    20.780] (II) No input driver specified, ignoring this device.
[    20.780] (II) This device may have been added with another device file.
[    20.781] (II) config/udev: Adding input device HDA Intel PCH HDMI/DP,pcm=7 (/dev/input/event12)
[    20.781] (II) No input driver specified, ignoring this device.
[    20.781] (II) This device may have been added with another device file.
[    20.781] (II) config/udev: Adding input device HDA Intel PCH HDMI/DP,pcm=8 (/dev/input/event13)
[    20.781] (II) No input driver specified, ignoring this device.
[    20.781] (II) This device may have been added with another device file.
[    20.782] (II) config/udev: Adding input device HDA Intel PCH Dock Mic (/dev/input/event7)
[    20.782] (II) No input driver specified, ignoring this device.
[    20.782] (II) This device may have been added with another device file.
[    20.782] (II) config/udev: Adding input device AT Translated Set 2 keyboard (/dev/input/event3)
[    20.782] (**) AT Translated Set 2 keyboard: Applying InputClass "libinput keyboard catchall"
[    20.782] (**) AT Translated Set 2 keyboard: Applying InputClass "system-keyboard"
[    20.782] (II) Using input driver 'libinput' for 'AT Translated Set 2 keyboard'
[    20.783] (II) systemd-logind: got fd for /dev/input/event3 13:67 fd 32 paused 0
[    20.783] (**) AT Translated Set 2 keyboard: always reports core events
[    20.783] (**) Option "Device" "/dev/input/event3"
[    20.785] (II) event3  - AT Translated Set 2 keyboard: is tagged by udev as: Keyboard
[    20.785] (II) event3  - AT Translated Set 2 keyboard: device is a keyboard
[    20.785] (II) event3  - AT Translated Set 2 keyboard: device removed
[    20.785] (**) Option "config_info" "udev:/sys/devices/platform/i8042/serio0/input/input3/event3"
[    20.785] (II) XINPUT: Adding extended input device "AT Translated Set 2 keyboard" (type: KEYBOARD, id 9)
[    20.785] (**) Option "xkb_layout" "us"
[    20.787] (II) event3  - AT Translated Set 2 keyboard: is tagged by udev as: Keyboard
[    20.787] (II) event3  - AT Translated Set 2 keyboard: device is a keyboard
[    20.788] (II) config/udev: Adding input device SynPS/2 Synaptics TouchPad (/dev/input/event14)
[    20.788] (**) SynPS/2 Synaptics TouchPad: Applying InputClass "libinput touchpad catchall"
[    20.788] (II) Using input driver 'libinput' for 'SynPS/2 Synaptics TouchPad'
[    20.789] (II) systemd-logind: got fd for /dev/input/event14 13:78 fd 33 paused 0
[    20.789] (**) SynPS/2 Synaptics TouchPad: always reports core events
[    20.789] (**) Option "Device" "/dev/input/event14"
[    20.790] (II) event14 - SynPS/2 Synaptics TouchPad: is tagged by udev as: Touchpad
[    20.792] (II) event14 - SynPS/2 Synaptics TouchPad: device is a touchpad
[    20.793] (II) event14 - SynPS/2 Synaptics TouchPad: device removed
[    20.793] (II) libinput: SynPS/2 Synaptics TouchPad: Step value 0 was provided, libinput Fallback acceleration function is used.
[    20.793] (II) libinput: SynPS/2 Synaptics TouchPad: Step value 0 was provided, libinput Fallback acceleration function is used.
[    20.793] (II) libinput: SynPS/2 Synaptics TouchPad: Step value 0 was provided, libinput Fallback acceleration function is used.
[    20.793] (**) Option "config_info" "udev:/sys/devices/platform/i8042/serio1/input/input8/event14"
[    20.793] (II) XINPUT: Adding extended input device "SynPS/2 Synaptics TouchPad" (type: TOUCHPAD, id 10)
[    20.795] (**) Option "AccelerationScheme" "none"
[    20.795] (**) SynPS/2 Synaptics TouchPad: (accel) selected scheme none/0
[    20.795] (**) SynPS/2 Synaptics TouchPad: (accel) acceleration factor: 2.000
[    20.795] (**) SynPS/2 Synaptics TouchPad: (accel) acceleration threshold: 4
[    20.796] (II) event14 - SynPS/2 Synaptics TouchPad: is tagged by udev as: Touchpad
[    20.798] (II) event14 - SynPS/2 Synaptics TouchPad: device is a touchpad
[    20.799] (II) config/udev: Adding input device SynPS/2 Synaptics TouchPad (/dev/input/mouse0)
[    20.799] (II) No input driver specified, ignoring this device.
[    20.799] (II) This device may have been added with another device file.
[    20.800] (II) config/udev: Adding input device TPPS/2 IBM TrackPoint (/dev/input/event15)
[    20.800] (**) TPPS/2 IBM TrackPoint: Applying InputClass "libinput pointer catchall"
[    20.800] (II) Using input driver 'libinput' for 'TPPS/2 IBM TrackPoint'
[    20.801] (II) systemd-logind: got fd for /dev/input/event15 13:79 fd 34 paused 0
[    20.801] (**) TPPS/2 IBM TrackPoint: always reports core events
[    20.801] (**) Option "Device" "/dev/input/event15"
[    20.802] (II) event15 - TPPS/2 IBM TrackPoint: is tagged by udev as: Mouse Pointingstick
[    20.803] (II) event15 - TPPS/2 IBM TrackPoint: device is a pointer
[    20.804] (II) event15 - TPPS/2 IBM TrackPoint: device removed
[    20.804] (II) libinput: TPPS/2 IBM TrackPoint: Step value 0 was provided, libinput Fallback acceleration function is used.
[    20.804] (II) libinput: TPPS/2 IBM TrackPoint: Step value 0 was provided, libinput Fallback acceleration function is used.
[    20.804] (II) libinput: TPPS/2 IBM TrackPoint: Step value 0 was provided, libinput Fallback acceleration function is used.
[    20.804] (**) Option "config_info" "udev:/sys/devices/platform/i8042/serio1/serio2/input/input16/event15"
[    20.804] (II) XINPUT: Adding extended input device "TPPS/2 IBM TrackPoint" (type: MOUSE, id 11)
[    20.804] (**) Option "AccelerationScheme" "none"
[    20.804] (**) TPPS/2 IBM TrackPoint: (accel) selected scheme none/0
[    20.804] (**) TPPS/2 IBM TrackPoint: (accel) acceleration factor: 2.000
[    20.804] (**) TPPS/2 IBM TrackPoint: (accel) acceleration threshold: 4
[    20.805] (II) event15 - TPPS/2 IBM TrackPoint: is tagged by udev as: Mouse Pointingstick
[    20.805] (II) event15 - TPPS/2 IBM TrackPoint: device is a pointer
[    20.807] (II) config/udev: Adding input device TPPS/2 IBM TrackPoint (/dev/input/mouse1)
[    20.807] (II) No input driver specified, ignoring this device.
[    20.807] (II) This device may have been added with another device file.
[    20.808] (II) config/udev: Adding input device PC Speaker (/dev/input/event6)
[    20.808] (II) No input driver specified, ignoring this device.
[    20.808] (II) This device may have been added with another device file.
[    20.811] (II) config/udev: Adding input device ThinkPad Extra Buttons (/dev/input/event4)
[    20.811] (**) ThinkPad Extra Buttons: Applying InputClass "libinput keyboard catchall"
[    20.811] (**) ThinkPad Extra Buttons: Applying InputClass "system-keyboard"
[    20.811] (II) Using input driver 'libinput' for 'ThinkPad Extra Buttons'
[    20.812] (II) systemd-logind: got fd for /dev/input/event4 13:68 fd 35 paused 0
[    20.812] (**) ThinkPad Extra Buttons: always reports core events
[    20.812] (**) Option "Device" "/dev/input/event4"
[    20.813] (II) event4  - ThinkPad Extra Buttons: is tagged by udev as: Keyboard Switch
[    20.813] (II) event4  - ThinkPad Extra Buttons: device is a keyboard
[    20.814] (II) event4  - ThinkPad Extra Buttons: device removed
[    20.814] (**) Option "config_info" "udev:/sys/devices/platform/thinkpad_acpi/input/input5/event4"
[    20.814] (II) XINPUT: Adding extended input device "ThinkPad Extra Buttons" (type: KEYBOARD, id 12)
[    20.814] (**) Option "xkb_layout" "us"
[    20.815] (II) event4  - ThinkPad Extra Buttons: is tagged by udev as: Keyboard Switch
[    20.815] (II) event4  - ThinkPad Extra Buttons: device is a keyboard
[    21.915] (II) modeset(0): EDID vendor "CMN", prod id 5297
[    21.915] (II) modeset(0): Printing DDC gathered Modelines:
[    21.915] (II) modeset(0): Modeline "1920x1080"x0.0  152.84  1920 2000 2060 2250  1080 1086 1094 1132 -hsync -vsync (67.9 kHz eP)
[  3159.997] (EE) event14 - SynPS/2 Synaptics TouchPad: kernel bug: Touch jump detected and discarded.
See https://wayland.freedesktop.org/libinput/doc/1.24.0/touchpad-jumping-cursors.html for details
